[0;36m[INFO][0m Starting setup script...
[0;36m[INFO][0m Updating system packages...
[0;36m[INFO][0m Installing Docker...
[0;31m[ERROR][0m Script failed. Running rollback...
[0;31m[ERROR][0m Running rollback actions...
[0;36m[INFO][0m Starting setup script...
[0;36m[INFO][0m Updating system packages...
[0;36m[INFO][0m Installing Docker...
[0;36m[INFO][0m Docker installed. Make sure Docker is running (e.g., via Docker Desktop).
[0;36m[INFO][0m Installing Kubernetes (MicroK8s)...
[0;36m[INFO][0m Kubernetes installed.
[0;36m[INFO][0m Installing PHP and composer...
[0;31m[ERROR][0m Script failed. Running rollback...
[0;31m[ERROR][0m Running rollback actions...
[0;36m[INFO][0m Starting setup script...
[0;36m[INFO][0m Updating system packages...
[0;36m[INFO][0m Docker already installed, skipping.
[0;36m[INFO][0m Kubernetes already installed, skipping.
[0;36m[INFO][0m Installing PHP and composer...
[0;36m[INFO][0m PHP installed.
[0;36m[INFO][0m Installing MySQL...
[0;31m[ERROR][0m Script failed. Running rollback...
[0;31m[ERROR][0m Running rollback actions...
[0;36m[INFO][0m Starting setup script...
[0;36m[INFO][0m Updating system packages...
[0;36m[INFO][0m Docker already installed, skipping.
[0;36m[INFO][0m Kubernetes already installed, skipping.
[0;36m[INFO][0m PHP already installed, skipping.
[0;36m[INFO][0m Installing MySQL...
[0;36m[INFO][0m Database configured.
[0;36m[INFO][0m Installing Nginx...
[0;36m[INFO][0m Setting up project structure...
[0;36m[INFO][0m Applying database migrations...
[0;36m[INFO][0m Setting up AI integration...
[0;36m[INFO][0m Setting up SSL via Let's Encrypt (staging)...
[0;36m[INFO][0m Deploying to Kubernetes...
[0;31m[ERROR][0m Script failed. Running rollback...
[0;31m[ERROR][0m Running rollback actions...
[0;36m[INFO][0m Starting setup script...
[0;36m[INFO][0m Updating system packages...
[0;36m[INFO][0m Docker already installed, skipping.
[0;36m[INFO][0m Kubernetes already installed, skipping.
[0;36m[INFO][0m PHP already installed, skipping.
[0;36m[INFO][0m Database already configured, skipping.
[0;36m[INFO][0m Installing Nginx...
[0;36m[INFO][0m Setting up project structure...
[0;36m[INFO][0m Applying database migrations...
[0;36m[INFO][0m Deploying to Kubernetes...
[0;31m[ERROR][0m Script failed. Running rollback...
[0;31m[ERROR][0m Running rollback actions...
[0;36m[INFO][0m Starting setup script...
[0;36m[INFO][0m Updating system packages...
[0;36m[INFO][0m Docker already installed, skipping.
[0;36m[INFO][0m Kubernetes already installed, skipping.
[0;36m[INFO][0m PHP already installed, skipping.
[0;36m[INFO][0m Database already configured, skipping.
[0;36m[INFO][0m Installing Nginx...
[0;36m[INFO][0m Setting up project structure...
[0;36m[INFO][0m Applying database migrations...
[0;36m[INFO][0m Deploying to Kubernetes...
[0;31m[ERROR][0m Script failed. Running rollback...
[0;31m[ERROR][0m Running rollback actions...
[0;36m[INFO][0m Starting setup script...
[0;36m[INFO][0m Updating system packages...
[0;36m[INFO][0m Docker already installed, skipping.
[0;36m[INFO][0m Kubernetes already installed, skipping.
[0;36m[INFO][0m PHP already installed, skipping.
[0;36m[INFO][0m Database already configured, skipping.
[0;36m[INFO][0m Installing Nginx...
[0;36m[INFO][0m Setting up project structure...
[0;36m[INFO][0m Applying database migrations...
[0;36m[INFO][0m Deploying to Kubernetes...
[0;36m[INFO][0m Starting Docker development environment...
[0;31m[ERROR][0m Docker not running? Start Docker Desktop and re-run.
[0;31m[ERROR][0m Script failed. Running rollback...
[0;31m[ERROR][0m Running rollback actions...
[0;36m[INFO][0m Starting setup script...
[0;36m[INFO][0m Updating system packages...
[0;36m[INFO][0m Docker already installed, skipping.
[0;36m[INFO][0m Kubernetes already installed, skipping.
[0;36m[INFO][0m PHP already installed, skipping.
[0;36m[INFO][0m Database already configured, skipping.
[0;36m[INFO][0m Installing Nginx...
[0;36m[INFO][0m Setting up project structure...
[0;36m[INFO][0m Applying database migrations...
[0;36m[INFO][0m Deploying to Kubernetes...
[0;31m[ERROR][0m Script failed. Running rollback...
[0;31m[ERROR][0m Running rollback actions...
[0;36m[INFO][0m Starting setup script...
[0;36m[INFO][0m Updating system packages...
[0;36m[INFO][0m Checking Docker...
[0;36m[INFO][0m Docker available.
[0;36m[INFO][0m Checking kubectl...
[0;36m[INFO][0m PHP already installed, skipping.
[0;36m[INFO][0m Database already configured, skipping.
[0;36m[INFO][0m Installing Nginx...
[0;36m[INFO][0m Setting up project structure...
[0;36m[INFO][0m Applying database migrations...
[0;36m[INFO][0m Deploying to Kubernetes...
[0;31m[ERROR][0m Script failed. Running rollback...
[0;31m[ERROR][0m Running rollback actions...
[0;36m[INFO][0m Starting setup script...
[0;36m[INFO][0m Updating system packages...
[0;36m[INFO][0m Checking Docker...
[0;36m[INFO][0m Docker available.
[0;36m[INFO][0m Checking kubectl...
[0;36m[INFO][0m PHP already installed, skipping.
[0;36m[INFO][0m Database already configured, skipping.
[0;36m[INFO][0m Installing Nginx...
[0;36m[INFO][0m Setting up project structure...
[0;36m[INFO][0m Applying database migrations...
[0;36m[INFO][0m Deploying to Kubernetes...
[0;31m[ERROR][0m Script failed. Running rollback...
[0;31m[ERROR][0m Running rollback actions...
[0;36m[INFO][0m Starting setup script...
[0;36m[INFO][0m Updating system packages...
[0;36m[INFO][0m Checking Docker...
[0;36m[INFO][0m Docker available.
[0;36m[INFO][0m Checking kubectl...
[0;36m[INFO][0m PHP already installed, skipping.
[0;36m[INFO][0m Database already configured, skipping.
[0;36m[INFO][0m Installing Nginx...
[0;36m[INFO][0m Setting up project structure...
[0;36m[INFO][0m Applying database migrations...
[0;36m[INFO][0m Deploying to Kubernetes...
[0;31m[ERROR][0m Script failed. Running rollback...
[0;31m[ERROR][0m Running rollback actions...
[0;36m[INFO][0m Starting setup script...
[0;36m[INFO][0m Updating system packages...
[0;36m[INFO][0m Checking Docker...
[0;36m[INFO][0m Docker available.
[0;36m[INFO][0m Checking kubectl...
[0;36m[INFO][0m PHP already installed, skipping.
[0;36m[INFO][0m Database already configured.
[0;36m[INFO][0m Installing Nginx...
[0;36m[INFO][0m Creating GitHub repository...
Bad Request[0;36m[INFO][0m Setting up local git repository...
[0;36m[INFO][0m Git repository configured.
[0;36m[INFO][0m Setting up project structure and code...
[0;31m[ERROR][0m Script failed. Running rollback...
[0;31m[ERROR][0m Running rollback actions...
[0;36m[INFO][0m Starting setup script...
[0;36m[INFO][0m Updating system packages...
[0;36m[INFO][0m Checking Docker...
[0;36m[INFO][0m Docker available.
[0;36m[INFO][0m Checking kubectl...
[0;36m[INFO][0m PHP already installed, skipping.
[0;36m[INFO][0m Database already configured.
[0;36m[INFO][0m Installing Nginx...
[0;36m[INFO][0m Setting up project structure and code...
[0;31m[ERROR][0m Script failed. Running rollback...
[0;31m[ERROR][0m Running rollback actions...
[0;36m[INFO][0m Starting setup script...
[0;36m[INFO][0m Updating system packages...
[0;36m[INFO][0m Checking Docker...
[0;36m[INFO][0m Docker available.
[0;36m[INFO][0m Checking kubectl...
[0;36m[INFO][0m PHP already installed, skipping.
[0;36m[INFO][0m Database already configured.
[0;36m[INFO][0m Installing Nginx...
[0;36m[INFO][0m Setting up project structure and code...
[0;36m[INFO][0m Applying database migrations...
[0;31m[ERROR][0m Script failed. Running rollback...
[0;31m[ERROR][0m Running rollback actions...
[0;36m[INFO][0m Starting setup script...
[0;36m[INFO][0m Updating system packages...
[0;36m[INFO][0m Checking Docker...
[0;36m[INFO][0m Docker available.
[0;36m[INFO][0m Checking kubectl...
[0;36m[INFO][0m PHP already installed, skipping.
[0;36m[INFO][0m Database already configured.
[0;36m[INFO][0m Installing Nginx...
[0;36m[INFO][0m Creating GitHub repository...
{
  "id": 902307024,
  "node_id": "R_kgDONcgc0A",
  "name": "techsupport-website",
  "full_name": "harryd-b/techsupport-website",
  "private": false,
  "owner": {
    "login": "harryd-b",
    "id": 7279679,
    "node_id": "MDQ6VXNlcjcyNzk2Nzk=",
    "avatar_url": "https://avatars.githubusercontent.com/u/7279679?v=4",
    "gravatar_id": "",
    "url": "https://api.github.com/users/harryd-b",
    "html_url": "https://github.com/harryd-b",
    "followers_url": "https://api.github.com/users/harryd-b/followers",
    "following_url": "https://api.github.com/users/harryd-b/following{/other_user}",
    "gists_url": "https://api.github.com/users/harryd-b/gists{/gist_id}",
    "starred_url": "https://api.github.com/users/harryd-b/starred{/owner}{/repo}",
    "subscriptions_url": "https://api.github.com/users/harryd-b/subscriptions",
    "organizations_url": "https://api.github.com/users/harryd-b/orgs",
    "repos_url": "https://api.github.com/users/harryd-b/repos",
    "events_url": "https://api.github.com/users/harryd-b/events{/privacy}",
    "received_events_url": "https://api.github.com/users/harryd-b/received_events",
    "type": "User",
    "user_view_type": "public",
    "site_admin": false
  },
  "html_url": "https://github.com/harryd-b/techsupport-website",
  "description": null,
  "fork": false,
  "url": "https://api.github.com/repos/harryd-b/techsupport-website",
  "forks_url": "https://api.github.com/repos/harryd-b/techsupport-website/forks",
  "keys_url": "https://api.github.com/repos/harryd-b/techsupport-website/keys{/key_id}",
  "collaborators_url": "https://api.github.com/repos/harryd-b/techsupport-website/collaborators{/collaborator}",
  "teams_url": "https://api.github.com/repos/harryd-b/techsupport-website/teams",
  "hooks_url": "https://api.github.com/repos/harryd-b/techsupport-website/hooks",
  "issue_events_url": "https://api.github.com/repos/harryd-b/techsupport-website/issues/events{/number}",
  "events_url": "https://api.github.com/repos/harryd-b/techsupport-website/events",
  "assignees_url": "https://api.github.com/repos/harryd-b/techsupport-website/assignees{/user}",
  "branches_url": "https://api.github.com/repos/harryd-b/techsupport-website/branches{/branch}",
  "tags_url": "https://api.github.com/repos/harryd-b/techsupport-website/tags",
  "blobs_url": "https://api.github.com/repos/harryd-b/techsupport-website/git/blobs{/sha}",
  "git_tags_url": "https://api.github.com/repos/harryd-b/techsupport-website/git/tags{/sha}",
  "git_refs_url": "https://api.github.com/repos/harryd-b/techsupport-website/git/refs{/sha}",
  "trees_url": "https://api.github.com/repos/harryd-b/techsupport-website/git/trees{/sha}",
  "statuses_url": "https://api.github.com/repos/harryd-b/techsupport-website/statuses/{sha}",
  "languages_url": "https://api.github.com/repos/harryd-b/techsupport-website/languages",
  "stargazers_url": "https://api.github.com/repos/harryd-b/techsupport-website/stargazers",
  "contributors_url": "https://api.github.com/repos/harryd-b/techsupport-website/contributors",
  "subscribers_url": "https://api.github.com/repos/harryd-b/techsupport-website/subscribers",
  "subscription_url": "https://api.github.com/repos/harryd-b/techsupport-website/subscription",
  "commits_url": "https://api.github.com/repos/harryd-b/techsupport-website/commits{/sha}",
  "git_commits_url": "https://api.github.com/repos/harryd-b/techsupport-website/git/commits{/sha}",
  "comments_url": "https://api.github.com/repos/harryd-b/techsupport-website/comments{/number}",
  "issue_comment_url": "https://api.github.com/repos/harryd-b/techsupport-website/issues/comments{/number}",
  "contents_url": "https://api.github.com/repos/harryd-b/techsupport-website/contents/{+path}",
  "compare_url": "https://api.github.com/repos/harryd-b/techsupport-website/compare/{base}...{head}",
  "merges_url": "https://api.github.com/repos/harryd-b/techsupport-website/merges",
  "archive_url": "https://api.github.com/repos/harryd-b/techsupport-website/{archive_format}{/ref}",
  "downloads_url": "https://api.github.com/repos/harryd-b/techsupport-website/downloads",
  "issues_url": "https://api.github.com/repos/harryd-b/techsupport-website/issues{/number}",
  "pulls_url": "https://api.github.com/repos/harryd-b/techsupport-website/pulls{/number}",
  "milestones_url": "https://api.github.com/repos/harryd-b/techsupport-website/milestones{/number}",
  "notifications_url": "https://api.github.com/repos/harryd-b/techsupport-website/notifications{?since,all,participating}",
  "labels_url": "https://api.github.com/repos/harryd-b/techsupport-website/labels{/name}",
  "releases_url": "https://api.github.com/repos/harryd-b/techsupport-website/releases{/id}",
  "deployments_url": "https://api.github.com/repos/harryd-b/techsupport-website/deployments",
  "created_at": "2024-12-12T10:07:49Z",
  "updated_at": "2024-12-12T10:07:50Z",
  "pushed_at": "2024-12-12T10:07:50Z",
  "git_url": "git://github.com/harryd-b/techsupport-website.git",
  "ssh_url": "git@github.com:harryd-b/techsupport-website.git",
  "clone_url": "https://github.com/harryd-b/techsupport-website.git",
  "svn_url": "https://github.com/harryd-b/techsupport-website",
  "homepage": null,
  "size": 0,
  "stargazers_count": 0,
  "watchers_count": 0,
  "language": null,
  "has_issues": true,
  "has_projects": true,
  "has_downloads": true,
  "has_wiki": true,
  "has_pages": false,
  "has_discussions": false,
  "forks_count": 0,
  "mirror_url": null,
  "archived": false,
  "disabled": false,
  "open_issues_count": 0,
  "license": null,
  "allow_forking": true,
  "is_template": false,
  "web_commit_signoff_required": false,
  "topics": [

  ],
  "visibility": "public",
  "forks": 0,
  "open_issues": 0,
  "watchers": 0,
  "default_branch": "main",
  "permissions": {
    "admin": true,
    "maintain": true,
    "push": true,
    "triage": true,
    "pull": true
  },
  "allow_squash_merge": true,
  "allow_merge_commit": true,
  "allow_rebase_merge": true,
  "allow_auto_merge": false,
  "delete_branch_on_merge": false,
  "allow_update_branch": false,
  "use_squash_pr_title_as_default": false,
  "squash_merge_commit_message": "COMMIT_MESSAGES",
  "squash_merge_commit_title": "COMMIT_OR_PR_TITLE",
  "merge_commit_message": "PR_TITLE",
  "merge_commit_title": "MERGE_MESSAGE",
  "network_count": 0,
  "subscribers_count": 0
}
[0;36m[INFO][0m Setting up local git repository...
[0;36m[INFO][0m Git repository configured.
[0;36m[INFO][0m Setting up project structure and code...
[0;36m[INFO][0m Applying database migrations...
[0;31m[ERROR][0m Script failed. Running rollback...
[0;31m[ERROR][0m Running rollback actions...
[0;36m[INFO][0m Starting setup script...
[0;36m[INFO][0m Updating system packages...
[0;36m[INFO][0m Checking Docker...
[0;36m[INFO][0m Docker available.
[0;36m[INFO][0m Checking kubectl...
[0;36m[INFO][0m PHP already installed, skipping.
[0;36m[INFO][0m Database already configured.
[0;36m[INFO][0m Installing Nginx...
[1;33m[WARN][0m .git_configured found but no .git directory. Cleaning up for reattempt.
[0;36m[INFO][0m Creating GitHub repository...
{
  "message": "Repository creation failed.",
  "errors": [
    {
      "resource": "Repository",
      "code": "custom",
      "field": "name",
      "message": "name already exists on this account"
    }
  ],
  "documentation_url": "https://docs.github.com/rest/repos/repos#create-a-repository-for-the-authenticated-user",
  "status": "422"
}
[0;36m[INFO][0m Setting up local git repository...
[0;36m[INFO][0m Git repository configured.
[0;36m[INFO][0m Setting up project structure and code...
[0;36m[INFO][0m Applying database migrations...
[0;36m[INFO][0m Deploying to Kubernetes...
[1;33m[WARN][0m Kubernetes cluster not accessible. Skipping cluster deployment.
[0;36m[INFO][0m Starting Docker development environment...
[0;36m[INFO][0m Setup complete!
[0;36m[INFO][0m Development: http://localhost:8080
[0;36m[INFO][0m Production: http://localhost (via Kubernetes NodePort; use kubectl port-forward or ingress)
[0;36m[INFO][0m Scaling scripts: /home/harry/techsupport_website/scripts/scale_up.sh and scale_down.sh
[0;36m[INFO][0m Verifying services...
[1;33m[WARN][0m Development site not accessible at http://localhost:8080. Check Docker status.
[0;36m[INFO][0m All done.
[0;36m[INFO][0m Starting setup script...
[0;36m[INFO][0m Updating system packages...
[0;36m[INFO][0m Checking Docker...
[0;36m[INFO][0m Docker available.
[0;36m[INFO][0m Checking kubectl...
[0;36m[INFO][0m PHP already installed, skipping.
[0;36m[INFO][0m Database already configured.
[0;36m[INFO][0m Git repository already configured.
[0;36m[INFO][0m Setting up project structure and code...
[0;36m[INFO][0m Applying database migrations...
